32605:C 06 Apr 2021 15:03:27.121 # oO0OoO0OoO0Oo Redis is starting oO0OoO0OoO0Oo
32605:C 06 Apr 2021 15:03:27.121 # Redis version=5.0.7, bits=64, commit=00000000, modified=0, pid=32605, just started
32605:C 06 Apr 2021 15:03:27.121 # Configuration loaded
32605:M 06 Apr 2021 15:03:27.121 * Increased maximum number of open files to 10032 (it was originally set to 1024).
32605:M 06 Apr 2021 15:03:27.122 * Running mode=standalone, port=12000.
32605:M 06 Apr 2021 15:03:27.122 # Server initialized
32605:M 06 Apr 2021 15:03:27.122 # WARNING overcommit_memory is set to 0! Background save may fail under low memory condition. To fix this issue add 'vm.overcommit_memory = 1' to /etc/sysctl.conf and then reboot or run the command 'sysctl vm.overcommit_memory=1' for this to take effect.
32605:M 06 Apr 2021 15:03:27.122 # WARNING you have Transparent Huge Pages (THP) support enabled in your kernel. This will create latency and memory usage issues with Redis. To fix this issue run the command 'echo never > /sys/kernel/mm/transparent_hugepage/enabled' as root, and add it to your /etc/rc.local in order to retain the setting after a reboot. Redis must be restarted after THP is disabled.
32605:M 06 Apr 2021 15:03:27.123 * Ready to accept connections
32605:signal-handler (1617721419) Received SIGTERM scheduling shutdown...
32605:M 06 Apr 2021 15:03:39.967 # User requested shutdown...
32605:M 06 Apr 2021 15:03:39.967 * Removing the pid file.
32605:M 06 Apr 2021 15:03:39.967 # Redis is now ready to exit, bye bye...
32680:C 06 Apr 2021 15:03:43.085 # oO0OoO0OoO0Oo Redis is starting oO0OoO0OoO0Oo
32680:C 06 Apr 2021 15:03:43.085 # Redis version=5.0.7, bits=64, commit=00000000, modified=0, pid=32680, just started
32680:C 06 Apr 2021 15:03:43.085 # Configuration loaded
32680:M 06 Apr 2021 15:03:43.089 * Increased maximum number of open files to 10032 (it was originally set to 1024).
32680:M 06 Apr 2021 15:03:43.089 * Running mode=standalone, port=12000.
32680:M 06 Apr 2021 15:03:43.090 # Server initialized
32680:M 06 Apr 2021 15:03:43.090 # WARNING overcommit_memory is set to 0! Background save may fail under low memory condition. To fix this issue add 'vm.overcommit_memory = 1' to /etc/sysctl.conf and then reboot or run the command 'sysctl vm.overcommit_memory=1' for this to take effect.
32680:M 06 Apr 2021 15:03:43.090 # WARNING you have Transparent Huge Pages (THP) support enabled in your kernel. This will create latency and memory usage issues with Redis. To fix this issue run the command 'echo never > /sys/kernel/mm/transparent_hugepage/enabled' as root, and add it to your /etc/rc.local in order to retain the setting after a reboot. Redis must be restarted after THP is disabled.
32680:M 06 Apr 2021 15:03:43.090 * Ready to accept connections
